ERROR - 2022-05-04 00:51:41 --> Unknown column 'm.estadomodulo' in 'where clause'
CRITICAL - 2022-05-04 00:51:41 --> Unknown column 'm.estadomodulo' in 'where clause'
#0 C:\xampp\htdocs\SysHotel\system\Database\MySQLi\Connection.php(292): mysqli->query('SELECT *\nFROM `...', 0)
#1 C:\xampp\htdocs\SysHotel\system\Database\BaseConnection.php(670): CodeIgniter\Database\MySQLi\Connection->execute('SELECT *\nFROM `...')
#2 C:\xampp\htdocs\SysHotel\system\Database\BaseConnection.php(598): CodeIgniter\Database\BaseConnection->simpleQuery('SELECT *\nFROM `...')
#3 C:\xampp\htdocs\SysHotel\system\Database\BaseBuilder.php(1455): CodeIgniter\Database\BaseConnection->query('SELECT *\nFROM `...', Array, false)
#4 C:\xampp\htdocs\SysHotel\app\Models\PerfilModel.php(28): CodeIgniter\Database\BaseBuilder->get()
#5 C:\xampp\htdocs\SysHotel\app\Controllers\Perfil.php(14): App\Models\PerfilModel->mdlListaModulos()
#6 C:\xampp\htdocs\SysHotel\system\CodeIgniter.php(832): App\Controllers\Perfil->index()
#7 C:\xampp\htdocs\SysHotel\system\CodeIgniter.php(419): CodeIgniter\CodeIgniter->runController(Object(App\Controllers\Perfil))
#8 C:\xampp\htdocs\SysHotel\system\CodeIgniter.php(326): CodeIgniter\CodeIgniter->handleRequest(NULL, Object(Config\Cache), false)
#9 C:\xampp\htdocs\SysHotel\index.php(37): CodeIgniter\CodeIgniter->run()
#10 {main}
CRITICAL - 2022-05-04 12:55:16 --> Undefined index: Perfiles
#0 C:\xampp\htdocs\SysHotel\app\Controllers\Perfil.php(34): CodeIgniter\Debug\Exceptions->errorHandler(8, 'Undefined index...', 'C:\\xampp\\htdocs...', 34, Array)
#1 C:\xampp\htdocs\SysHotel\system\CodeIgniter.php(832): App\Controllers\Perfil->single_perfil()
#2 C:\xampp\htdocs\SysHotel\system\CodeIgniter.php(419): CodeIgniter\CodeIgniter->runController(Object(App\Controllers\Perfil))
#3 C:\xampp\htdocs\SysHotel\system\CodeIgniter.php(326): CodeIgniter\CodeIgniter->handleRequest(NULL, Object(Config\Cache), false)
#4 C:\xampp\htdocs\SysHotel\index.php(37): CodeIgniter\CodeIgniter->run()
#5 {main}
CRITICAL - 2022-05-04 12:59:17 --> Undefined index: Perfiles
#0 C:\xampp\htdocs\SysHotel\app\Controllers\Perfil.php(33): CodeIgniter\Debug\Exceptions->errorHandler(8, 'Undefined index...', 'C:\\xampp\\htdocs...', 33, Array)
#1 C:\xampp\htdocs\SysHotel\system\CodeIgniter.php(832): App\Controllers\Perfil->single_perfil()
#2 C:\xampp\htdocs\SysHotel\system\CodeIgniter.php(419): CodeIgniter\CodeIgniter->runController(Object(App\Controllers\Perfil))
#3 C:\xampp\htdocs\SysHotel\system\CodeIgniter.php(326): CodeIgniter\CodeIgniter->handleRequest(NULL, Object(Config\Cache), false)
#4 C:\xampp\htdocs\SysHotel\index.php(37): CodeIgniter\CodeIgniter->run()
#5 {main}
CRITICAL - 2022-05-04 12:59:28 --> Undefined index: Perfiles
#0 C:\xampp\htdocs\SysHotel\app\Controllers\Perfil.php(33): CodeIgniter\Debug\Exceptions->errorHandler(8, 'Undefined index...', 'C:\\xampp\\htdocs...', 33, Array)
#1 C:\xampp\htdocs\SysHotel\system\CodeIgniter.php(832): App\Controllers\Perfil->single_perfil()
#2 C:\xampp\htdocs\SysHotel\system\CodeIgniter.php(419): CodeIgniter\CodeIgniter->runController(Object(App\Controllers\Perfil))
#3 C:\xampp\htdocs\SysHotel\system\CodeIgniter.php(326): CodeIgniter\CodeIgniter->handleRequest(NULL, Object(Config\Cache), false)
#4 C:\xampp\htdocs\SysHotel\index.php(37): CodeIgniter\CodeIgniter->run()
#5 {main}
CRITICAL - 2022-05-04 13:00:14 --> Undefined index: Perfiles
#0 C:\xampp\htdocs\SysHotel\app\Controllers\Perfil.php(33): CodeIgniter\Debug\Exceptions->errorHandler(8, 'Undefined index...', 'C:\\xampp\\htdocs...', 33, Array)
#1 C:\xampp\htdocs\SysHotel\system\CodeIgniter.php(832): App\Controllers\Perfil->single_perfil()
#2 C:\xampp\htdocs\SysHotel\system\CodeIgniter.php(419): CodeIgniter\CodeIgniter->runController(Object(App\Controllers\Perfil))
#3 C:\xampp\htdocs\SysHotel\system\CodeIgniter.php(326): CodeIgniter\CodeIgniter->handleRequest(NULL, Object(Config\Cache), false)
#4 C:\xampp\htdocs\SysHotel\index.php(37): CodeIgniter\CodeIgniter->run()
#5 {main}
CRITICAL - 2022-05-04 18:24:57 --> Undefined variable: perfils
#0 C:\xampp\htdocs\SysHotel\app\Controllers\Perfil.php(33): CodeIgniter\Debug\Exceptions->errorHandler(8, 'Undefined varia...', 'C:\\xampp\\htdocs...', 33, Array)
#1 C:\xampp\htdocs\SysHotel\system\CodeIgniter.php(832): App\Controllers\Perfil->single_perfil()
#2 C:\xampp\htdocs\SysHotel\system\CodeIgniter.php(419): CodeIgniter\CodeIgniter->runController(Object(App\Controllers\Perfil))
#3 C:\xampp\htdocs\SysHotel\system\CodeIgniter.php(326): CodeIgniter\CodeIgniter->handleRequest(NULL, Object(Config\Cache), false)
#4 C:\xampp\htdocs\SysHotel\index.php(37): CodeIgniter\CodeIgniter->run()
#5 {main}
