CRITICAL - 2022-10-09 07:51:06 --> Undefined property: App\Controllers\Remuneracion::$modUsuario
#0 C:\xampp\htdocs\asistencias\app\Controllers\Remuneracion.php(64): CodeIgniter\Debug\Exceptions->errorHandler(8, 'Undefined prope...', 'C:\\xampp\\htdocs...', 64, Array)
#1 C:\xampp\htdocs\asistencias\app\Controllers\Remuneracion.php(49): App\Controllers\Remuneracion->register(Array)
#2 C:\xampp\htdocs\asistencias\system\CodeIgniter.php(832): App\Controllers\Remuneracion->form()
#3 C:\xampp\htdocs\asistencias\system\CodeIgniter.php(419): CodeIgniter\CodeIgniter->runController(Object(App\Controllers\Remuneracion))
#4 C:\xampp\htdocs\asistencias\system\CodeIgniter.php(326): CodeIgniter\CodeIgniter->handleRequest(NULL, Object(Config\Cache), false)
#5 C:\xampp\htdocs\asistencias\index.php(37): CodeIgniter\CodeIgniter->run()
#6 {main}
CRITICAL - 2022-10-09 07:55:13 --> Undefined property: App\Controllers\Remuneracion::$modUsuario
#0 C:\xampp\htdocs\asistencias\app\Controllers\Remuneracion.php(63): CodeIgniter\Debug\Exceptions->errorHandler(8, 'Undefined prope...', 'C:\\xampp\\htdocs...', 63, Array)
#1 C:\xampp\htdocs\asistencias\app\Controllers\Remuneracion.php(48): App\Controllers\Remuneracion->register(Array)
#2 C:\xampp\htdocs\asistencias\system\CodeIgniter.php(832): App\Controllers\Remuneracion->form()
#3 C:\xampp\htdocs\asistencias\system\CodeIgniter.php(419): CodeIgniter\CodeIgniter->runController(Object(App\Controllers\Remuneracion))
#4 C:\xampp\htdocs\asistencias\system\CodeIgniter.php(326): CodeIgniter\CodeIgniter->handleRequest(NULL, Object(Config\Cache), false)
#5 C:\xampp\htdocs\asistencias\index.php(37): CodeIgniter\CodeIgniter->run()
#6 {main}
CRITICAL - 2022-10-09 08:40:27 --> There is no data to update.
#0 C:\xampp\htdocs\asistencias\system\BaseModel.php(846): CodeIgniter\Database\Exceptions\DataException::forEmptyDataset('update')
#1 C:\xampp\htdocs\asistencias\system\Model.php(651): CodeIgniter\BaseModel->update(Array, Array)
#2 C:\xampp\htdocs\asistencias\app\Controllers\Remuneracion.php(94): CodeIgniter\Model->update('2', Array)
#3 C:\xampp\htdocs\asistencias\system\CodeIgniter.php(832): App\Controllers\Remuneracion->delete_nivel()
#4 C:\xampp\htdocs\asistencias\system\CodeIgniter.php(419): CodeIgniter\CodeIgniter->runController(Object(App\Controllers\Remuneracion))
#5 C:\xampp\htdocs\asistencias\system\CodeIgniter.php(326): CodeIgniter\CodeIgniter->handleRequest(NULL, Object(Config\Cache), false)
#6 C:\xampp\htdocs\asistencias\index.php(37): CodeIgniter\CodeIgniter->run()
#7 {main}
CRITICAL - 2022-10-09 09:05:39 --> Undefined offset: 0
#0 C:\xampp\htdocs\asistencias\app\Controllers\Remuneracion.php(34): CodeIgniter\Debug\Exceptions->errorHandler(8, 'Undefined offse...', 'C:\\xampp\\htdocs...', 34, Array)
#1 C:\xampp\htdocs\asistencias\system\CodeIgniter.php(832): App\Controllers\Remuneracion->single_nivel()
#2 C:\xampp\htdocs\asistencias\system\CodeIgniter.php(419): CodeIgniter\CodeIgniter->runController(Object(App\Controllers\Remuneracion))
#3 C:\xampp\htdocs\asistencias\system\CodeIgniter.php(326): CodeIgniter\CodeIgniter->handleRequest(NULL, Object(Config\Cache), false)
#4 C:\xampp\htdocs\asistencias\index.php(37): CodeIgniter\CodeIgniter->run()
#5 {main}
