CRITICAL - 2022-05-03 06:34:47 --> Too few arguments to function App\Models\PerfilModel::mdlModulos(), 0 passed in C:\xampp\htdocs\SysHotel\app\Controllers\Perfil.php on line 29 and exactly 1 expected
#0 C:\xampp\htdocs\SysHotel\app\Controllers\Perfil.php(29): App\Models\PerfilModel->mdlModulos()
#1 C:\xampp\htdocs\SysHotel\system\CodeIgniter.php(832): App\Controllers\Perfil->list_accesos()
#2 C:\xampp\htdocs\SysHotel\system\CodeIgniter.php(419): CodeIgniter\CodeIgniter->runController(Object(App\Controllers\Perfil))
#3 C:\xampp\htdocs\SysHotel\system\CodeIgniter.php(326): CodeIgniter\CodeIgniter->handleRequest(NULL, Object(Config\Cache), false)
#4 C:\xampp\htdocs\SysHotel\index.php(37): CodeIgniter\CodeIgniter->run()
#5 {main}
CRITICAL - 2022-05-03 06:35:15 --> Too few arguments to function App\Models\PerfilModel::mdlModulos(), 0 passed in C:\xampp\htdocs\SysHotel\app\Controllers\Perfil.php on line 29 and exactly 1 expected
#0 C:\xampp\htdocs\SysHotel\app\Controllers\Perfil.php(29): App\Models\PerfilModel->mdlModulos()
#1 C:\xampp\htdocs\SysHotel\system\CodeIgniter.php(832): App\Controllers\Perfil->list_accesos()
#2 C:\xampp\htdocs\SysHotel\system\CodeIgniter.php(419): CodeIgniter\CodeIgniter->runController(Object(App\Controllers\Perfil))
#3 C:\xampp\htdocs\SysHotel\system\CodeIgniter.php(326): CodeIgniter\CodeIgniter->handleRequest(NULL, Object(Config\Cache), false)
#4 C:\xampp\htdocs\SysHotel\index.php(37): CodeIgniter\CodeIgniter->run()
#5 {main}
CRITICAL - 2022-05-03 06:35:38 --> Too few arguments to function App\Models\PerfilModel::mdlModulos(), 0 passed in C:\xampp\htdocs\SysHotel\app\Controllers\Perfil.php on line 29 and exactly 1 expected
#0 C:\xampp\htdocs\SysHotel\app\Controllers\Perfil.php(29): App\Models\PerfilModel->mdlModulos()
#1 C:\xampp\htdocs\SysHotel\system\CodeIgniter.php(832): App\Controllers\Perfil->list_accesos()
#2 C:\xampp\htdocs\SysHotel\system\CodeIgniter.php(419): CodeIgniter\CodeIgniter->runController(Object(App\Controllers\Perfil))
#3 C:\xampp\htdocs\SysHotel\system\CodeIgniter.php(326): CodeIgniter\CodeIgniter->handleRequest(NULL, Object(Config\Cache), false)
#4 C:\xampp\htdocs\SysHotel\index.php(37): CodeIgniter\CodeIgniter->run()
#5 {main}
CRITICAL - 2022-05-03 17:48:46 --> file_get_contents(): read of 8192 bytes failed with errno=13 Permission denied
#0 [internal function]: CodeIgniter\Debug\Exceptions->errorHandler(8, 'file_get_conten...', 'C:\\xampp\\htdocs...', 464, Array)
#1 C:\xampp\htdocs\SysHotel\system\Debug\Toolbar.php(464): file_get_contents('C:\\xampp\\htdocs...')
#2 C:\xampp\htdocs\SysHotel\app\Config\Events.php(48): CodeIgniter\Debug\Toolbar->respond()
#3 C:\xampp\htdocs\SysHotel\system\Events\Events.php(149): CodeIgniter\Events\Events::Config\{closure}()
#4 C:\xampp\htdocs\SysHotel\system\CodeIgniter.php(308): CodeIgniter\Events\Events::trigger('pre_system')
#5 C:\xampp\htdocs\SysHotel\index.php(37): CodeIgniter\CodeIgniter->run()
#6 {main}
CRITICAL - 2022-05-03 20:21:49 --> Undefined property: App\Controllers\Perfil::$validation
#0 C:\xampp\htdocs\SysHotel\app\Controllers\Perfil.php(48): CodeIgniter\Debug\Exceptions->errorHandler(8, 'Undefined prope...', 'C:\\xampp\\htdocs...', 48, Array)
#1 C:\xampp\htdocs\SysHotel\system\CodeIgniter.php(832): App\Controllers\Perfil->form()
#2 C:\xampp\htdocs\SysHotel\system\CodeIgniter.php(419): CodeIgniter\CodeIgniter->runController(Object(App\Controllers\Perfil))
#3 C:\xampp\htdocs\SysHotel\system\CodeIgniter.php(326): CodeIgniter\CodeIgniter->handleRequest(NULL, Object(Config\Cache), false)
#4 C:\xampp\htdocs\SysHotel\index.php(37): CodeIgniter\CodeIgniter->run()
#5 {main}
