CRITICAL - 2022-05-02 05:52:06 --> Undefined variable: Permisos
#0 C:\xampp\htdocs\SysHotel\app\Views\include\menu.php(51): CodeIgniter\Debug\Exceptions->errorHandler(8, 'Undefined varia...', 'C:\\xampp\\htdocs...', 51, Array)
#1 C:\xampp\htdocs\SysHotel\system\View\View.php(210): include('C:\\xampp\\htdocs...')
#2 C:\xampp\htdocs\SysHotel\system\View\View.php(213): CodeIgniter\View\View->CodeIgniter\View\{closure}()
#3 C:\xampp\htdocs\SysHotel\system\Common.php(1089): CodeIgniter\View\View->render('include/menu', Array, true)
#4 C:\xampp\htdocs\SysHotel\system\Controller.php(165): view('include/menu')
#5 C:\xampp\htdocs\SysHotel\app\Controllers\Perfil.php(14): CodeIgniter\Controller->ViewData('modules/perfile...', Array)
#6 C:\xampp\htdocs\SysHotel\system\CodeIgniter.php(832): App\Controllers\Perfil->index()
#7 C:\xampp\htdocs\SysHotel\system\CodeIgniter.php(419): CodeIgniter\CodeIgniter->runController(Object(App\Controllers\Perfil))
#8 C:\xampp\htdocs\SysHotel\system\CodeIgniter.php(326): CodeIgniter\CodeIgniter->handleRequest(NULL, Object(Config\Cache), false)
#9 C:\xampp\htdocs\SysHotel\index.php(37): CodeIgniter\CodeIgniter->run()
#10 {main}
CRITICAL - 2022-05-02 06:17:15 --> Argument 1 passed to _get_uri() must be of the type string, null given, called in C:\xampp\htdocs\SysHotel\system\Helpers\url_helper.php on line 87
#0 C:\xampp\htdocs\SysHotel\system\Helpers\url_helper.php(87): _get_uri(NULL, Object(Config\App))
#1 C:\xampp\htdocs\SysHotel\system\Helpers\url_helper.php(106): site_url(NULL, NULL, Object(Config\App))
#2 C:\xampp\htdocs\SysHotel\app\Views\include\menu.php(69): base_url(NULL)
#3 C:\xampp\htdocs\SysHotel\system\View\View.php(210): include('C:\\xampp\\htdocs...')
#4 C:\xampp\htdocs\SysHotel\system\View\View.php(213): CodeIgniter\View\View->CodeIgniter\View\{closure}()
#5 C:\xampp\htdocs\SysHotel\system\Common.php(1089): CodeIgniter\View\View->render('include/menu', Array, true)
#6 C:\xampp\htdocs\SysHotel\system\Controller.php(165): view('include/menu')
#7 C:\xampp\htdocs\SysHotel\app\Controllers\Perfil.php(14): CodeIgniter\Controller->ViewData('modules/perfile...', Array)
#8 C:\xampp\htdocs\SysHotel\system\CodeIgniter.php(832): App\Controllers\Perfil->index()
#9 C:\xampp\htdocs\SysHotel\system\CodeIgniter.php(419): CodeIgniter\CodeIgniter->runController(Object(App\Controllers\Perfil))
#10 C:\xampp\htdocs\SysHotel\system\CodeIgniter.php(326): CodeIgniter\CodeIgniter->handleRequest(NULL, Object(Config\Cache), false)
#11 C:\xampp\htdocs\SysHotel\index.php(37): CodeIgniter\CodeIgniter->run()
#12 {main}
CRITICAL - 2022-05-02 08:22:07 --> in_array() expects parameter 2 to be array, null given
#0 [internal function]: CodeIgniter\Debug\Exceptions->errorHandler(2, 'in_array() expe...', 'C:\\xampp\\htdocs...', 62, Array)
#1 C:\xampp\htdocs\SysHotel\app\Views\include\menu.php(62): in_array('1', NULL)
#2 C:\xampp\htdocs\SysHotel\system\View\View.php(210): include('C:\\xampp\\htdocs...')
#3 C:\xampp\htdocs\SysHotel\system\View\View.php(213): CodeIgniter\View\View->CodeIgniter\View\{closure}()
#4 C:\xampp\htdocs\SysHotel\system\Common.php(1089): CodeIgniter\View\View->render('include/menu', Array, true)
#5 C:\xampp\htdocs\SysHotel\system\Controller.php(165): view('include/menu')
#6 C:\xampp\htdocs\SysHotel\app\Controllers\Home.php(9): CodeIgniter\Controller->ViewData('index', Array)
#7 C:\xampp\htdocs\SysHotel\system\CodeIgniter.php(832): App\Controllers\Home->index()
#8 C:\xampp\htdocs\SysHotel\system\CodeIgniter.php(419): CodeIgniter\CodeIgniter->runController(Object(App\Controllers\Home))
#9 C:\xampp\htdocs\SysHotel\system\CodeIgniter.php(326): CodeIgniter\CodeIgniter->handleRequest(NULL, Object(Config\Cache), false)
#10 C:\xampp\htdocs\SysHotel\index.php(37): CodeIgniter\CodeIgniter->run()
#11 {main}
CRITICAL - 2022-05-02 16:33:10 --> Invalid argument supplied for foreach()
#0 C:\xampp\htdocs\SysHotel\app\Views\include\menu.php(55): CodeIgniter\Debug\Exceptions->errorHandler(2, 'Invalid argumen...', 'C:\\xampp\\htdocs...', 55, Array)
#1 C:\xampp\htdocs\SysHotel\system\View\View.php(210): include('C:\\xampp\\htdocs...')
#2 C:\xampp\htdocs\SysHotel\system\View\View.php(213): CodeIgniter\View\View->CodeIgniter\View\{closure}()
#3 C:\xampp\htdocs\SysHotel\system\Common.php(1089): CodeIgniter\View\View->render('include/menu', Array, true)
#4 C:\xampp\htdocs\SysHotel\system\Controller.php(165): view('include/menu')
#5 C:\xampp\htdocs\SysHotel\app\Controllers\Perfil.php(14): CodeIgniter\Controller->ViewData('modules/perfile...', Array)
#6 C:\xampp\htdocs\SysHotel\system\CodeIgniter.php(832): App\Controllers\Perfil->index()
#7 C:\xampp\htdocs\SysHotel\system\CodeIgniter.php(419): CodeIgniter\CodeIgniter->runController(Object(App\Controllers\Perfil))
#8 C:\xampp\htdocs\SysHotel\system\CodeIgniter.php(326): CodeIgniter\CodeIgniter->handleRequest(NULL, Object(Config\Cache), false)
#9 C:\xampp\htdocs\SysHotel\index.php(37): CodeIgniter\CodeIgniter->run()
#10 {main}
CRITICAL - 2022-05-02 16:33:22 --> Invalid argument supplied for foreach()
#0 C:\xampp\htdocs\SysHotel\app\Views\include\menu.php(55): CodeIgniter\Debug\Exceptions->errorHandler(2, 'Invalid argumen...', 'C:\\xampp\\htdocs...', 55, Array)
#1 C:\xampp\htdocs\SysHotel\system\View\View.php(210): include('C:\\xampp\\htdocs...')
#2 C:\xampp\htdocs\SysHotel\system\View\View.php(213): CodeIgniter\View\View->CodeIgniter\View\{closure}()
#3 C:\xampp\htdocs\SysHotel\system\Common.php(1089): CodeIgniter\View\View->render('include/menu', Array, true)
#4 C:\xampp\htdocs\SysHotel\system\Controller.php(165): view('include/menu')
#5 C:\xampp\htdocs\SysHotel\app\Controllers\Perfil.php(14): CodeIgniter\Controller->ViewData('modules/perfile...', Array)
#6 C:\xampp\htdocs\SysHotel\system\CodeIgniter.php(832): App\Controllers\Perfil->index()
#7 C:\xampp\htdocs\SysHotel\system\CodeIgniter.php(419): CodeIgniter\CodeIgniter->runController(Object(App\Controllers\Perfil))
#8 C:\xampp\htdocs\SysHotel\system\CodeIgniter.php(326): CodeIgniter\CodeIgniter->handleRequest(NULL, Object(Config\Cache), false)
#9 C:\xampp\htdocs\SysHotel\index.php(37): CodeIgniter\CodeIgniter->run()
#10 {main}
CRITICAL - 2022-05-02 17:03:07 --> Invalid argument supplied for foreach()
#0 C:\xampp\htdocs\SysHotel\app\Views\include\menu.php(55): CodeIgniter\Debug\Exceptions->errorHandler(2, 'Invalid argumen...', 'C:\\xampp\\htdocs...', 55, Array)
#1 C:\xampp\htdocs\SysHotel\system\View\View.php(210): include('C:\\xampp\\htdocs...')
#2 C:\xampp\htdocs\SysHotel\system\View\View.php(213): CodeIgniter\View\View->CodeIgniter\View\{closure}()
#3 C:\xampp\htdocs\SysHotel\system\Common.php(1089): CodeIgniter\View\View->render('include/menu', Array, true)
#4 C:\xampp\htdocs\SysHotel\system\Controller.php(165): view('include/menu')
#5 C:\xampp\htdocs\SysHotel\app\Controllers\Perfil.php(14): CodeIgniter\Controller->ViewData('modules/perfile...', Array)
#6 C:\xampp\htdocs\SysHotel\system\CodeIgniter.php(832): App\Controllers\Perfil->index()
#7 C:\xampp\htdocs\SysHotel\system\CodeIgniter.php(419): CodeIgniter\CodeIgniter->runController(Object(App\Controllers\Perfil))
#8 C:\xampp\htdocs\SysHotel\system\CodeIgniter.php(326): CodeIgniter\CodeIgniter->handleRequest(NULL, Object(Config\Cache), false)
#9 C:\xampp\htdocs\SysHotel\index.php(37): CodeIgniter\CodeIgniter->run()
#10 {main}
CRITICAL - 2022-05-02 17:05:16 --> Invalid argument supplied for foreach()
#0 C:\xampp\htdocs\SysHotel\app\Views\include\menu.php(56): CodeIgniter\Debug\Exceptions->errorHandler(2, 'Invalid argumen...', 'C:\\xampp\\htdocs...', 56, Array)
#1 C:\xampp\htdocs\SysHotel\system\View\View.php(210): include('C:\\xampp\\htdocs...')
#2 C:\xampp\htdocs\SysHotel\system\View\View.php(213): CodeIgniter\View\View->CodeIgniter\View\{closure}()
#3 C:\xampp\htdocs\SysHotel\system\Common.php(1089): CodeIgniter\View\View->render('include/menu', Array, true)
#4 C:\xampp\htdocs\SysHotel\system\Controller.php(165): view('include/menu')
#5 C:\xampp\htdocs\SysHotel\app\Controllers\Perfil.php(14): CodeIgniter\Controller->ViewData('modules/perfile...', Array)
#6 C:\xampp\htdocs\SysHotel\system\CodeIgniter.php(832): App\Controllers\Perfil->index()
#7 C:\xampp\htdocs\SysHotel\system\CodeIgniter.php(419): CodeIgniter\CodeIgniter->runController(Object(App\Controllers\Perfil))
#8 C:\xampp\htdocs\SysHotel\system\CodeIgniter.php(326): CodeIgniter\CodeIgniter->handleRequest(NULL, Object(Config\Cache), false)
#9 C:\xampp\htdocs\SysHotel\index.php(37): CodeIgniter\CodeIgniter->run()
#10 {main}
CRITICAL - 2022-05-02 17:29:21 --> Class 'App\Models\PerfilModel' not found
#0 C:\xampp\htdocs\SysHotel\system\CodeIgniter.php(809): App\Controllers\Perfil->__construct()
#1 C:\xampp\htdocs\SysHotel\system\CodeIgniter.php(410): CodeIgniter\CodeIgniter->createController()
#2 C:\xampp\htdocs\SysHotel\system\CodeIgniter.php(326): CodeIgniter\CodeIgniter->handleRequest(NULL, Object(Config\Cache), false)
#3 C:\xampp\htdocs\SysHotel\index.php(37): CodeIgniter\CodeIgniter->run()
#4 {main}
CRITICAL - 2022-05-02 17:30:24 --> Call to undefined method App\Models\PerfilModel::mdl_listar_apoderado
#0 C:\xampp\htdocs\SysHotel\app\Controllers\Perfil.php(19): CodeIgniter\Model->__call('mdl_listar_apod...', Array)
#1 C:\xampp\htdocs\SysHotel\system\CodeIgniter.php(832): App\Controllers\Perfil->list_perfiles()
#2 C:\xampp\htdocs\SysHotel\system\CodeIgniter.php(419): CodeIgniter\CodeIgniter->runController(Object(App\Controllers\Perfil))
#3 C:\xampp\htdocs\SysHotel\system\CodeIgniter.php(326): CodeIgniter\CodeIgniter->handleRequest(NULL, Object(Config\Cache), false)
#4 C:\xampp\htdocs\SysHotel\index.php(37): CodeIgniter\CodeIgniter->run()
#5 {main}
