CRITICAL - 2022-05-14 00:13:28 --> Call to a member function join() on array
#0 C:\xampp\htdocs\SysHotel\system\CodeIgniter.php(832): App\Controllers\Usuario->single_usuario()
#1 C:\xampp\htdocs\SysHotel\system\CodeIgniter.php(419): CodeIgniter\CodeIgniter->runController(Object(App\Controllers\Usuario))
#2 C:\xampp\htdocs\SysHotel\system\CodeIgniter.php(326): CodeIgniter\CodeIgniter->handleRequest(NULL, Object(Config\Cache), false)
#3 C:\xampp\htdocs\SysHotel\index.php(37): CodeIgniter\CodeIgniter->run()
#4 {main}
CRITICAL - 2022-05-14 00:13:46 --> Call to a member function join() on array
#0 C:\xampp\htdocs\SysHotel\system\CodeIgniter.php(832): App\Controllers\Usuario->single_usuario()
#1 C:\xampp\htdocs\SysHotel\system\CodeIgniter.php(419): CodeIgniter\CodeIgniter->runController(Object(App\Controllers\Usuario))
#2 C:\xampp\htdocs\SysHotel\system\CodeIgniter.php(326): CodeIgniter\CodeIgniter->handleRequest(NULL, Object(Config\Cache), false)
#3 C:\xampp\htdocs\SysHotel\index.php(37): CodeIgniter\CodeIgniter->run()
#4 {main}
ERROR - 2022-05-14 00:21:24 --> Unknown column 'u.id' in 'where clause'
CRITICAL - 2022-05-14 00:21:24 --> Unknown column 'u.id' in 'where clause'
#0 C:\xampp\htdocs\SysHotel\system\Database\MySQLi\Connection.php(292): mysqli->query('SELECT *\nFROM `...', 0)
#1 C:\xampp\htdocs\SysHotel\system\Database\BaseConnection.php(670): CodeIgniter\Database\MySQLi\Connection->execute('SELECT *\nFROM `...')
#2 C:\xampp\htdocs\SysHotel\system\Database\BaseConnection.php(598): CodeIgniter\Database\BaseConnection->simpleQuery('SELECT *\nFROM `...')
#3 C:\xampp\htdocs\SysHotel\system\Database\BaseBuilder.php(1455): CodeIgniter\Database\BaseConnection->query('SELECT *\nFROM `...', Array, false)
#4 C:\xampp\htdocs\SysHotel\app\Models\UsuarioModel.php(35): CodeIgniter\Database\BaseBuilder->get()
#5 C:\xampp\htdocs\SysHotel\app\Controllers\Usuario.php(35): App\Models\UsuarioModel->getUsuario(NULL, '3')
#6 C:\xampp\htdocs\SysHotel\system\CodeIgniter.php(832): App\Controllers\Usuario->single_usuario()
#7 C:\xampp\htdocs\SysHotel\system\CodeIgniter.php(419): CodeIgniter\CodeIgniter->runController(Object(App\Controllers\Usuario))
#8 C:\xampp\htdocs\SysHotel\system\CodeIgniter.php(326): CodeIgniter\CodeIgniter->handleRequest(NULL, Object(Config\Cache), false)
#9 C:\xampp\htdocs\SysHotel\index.php(37): CodeIgniter\CodeIgniter->run()
#10 {main}
CRITICAL - 2022-05-14 00:30:18 --> Undefined offset: 0
#0 C:\xampp\htdocs\SysHotel\app\Controllers\Usuario.php(37): CodeIgniter\Debug\Exceptions->errorHandler(8, 'Undefined offse...', 'C:\\xampp\\htdocs...', 37, Array)
#1 C:\xampp\htdocs\SysHotel\system\CodeIgniter.php(832): App\Controllers\Usuario->single_usuario()
#2 C:\xampp\htdocs\SysHotel\system\CodeIgniter.php(419): CodeIgniter\CodeIgniter->runController(Object(App\Controllers\Usuario))
#3 C:\xampp\htdocs\SysHotel\system\CodeIgniter.php(326): CodeIgniter\CodeIgniter->handleRequest(NULL, Object(Config\Cache), false)
#4 C:\xampp\htdocs\SysHotel\index.php(37): CodeIgniter\CodeIgniter->run()
#5 {main}
