CRITICAL - 2022-05-07 22:08:25 --> Call to undefined method App\Models\PerfilModel::list_perfiles
#0 C:\xampp\htdocs\SysHotel\app\Controllers\Usuario.php(18): CodeIgniter\Model->__call('list_perfiles', Array)
#1 C:\xampp\htdocs\SysHotel\system\CodeIgniter.php(832): App\Controllers\Usuario->index()
#2 C:\xampp\htdocs\SysHotel\system\CodeIgniter.php(419): CodeIgniter\CodeIgniter->runController(Object(App\Controllers\Usuario))
#3 C:\xampp\htdocs\SysHotel\system\CodeIgniter.php(326): CodeIgniter\CodeIgniter->handleRequest(NULL, Object(Config\Cache), false)
#4 C:\xampp\htdocs\SysHotel\index.php(37): CodeIgniter\CodeIgniter->run()
#5 {main}
CRITICAL - 2022-05-07 22:09:19 --> Undefined property: App\Controllers\Usuario::$mdlListarPerfiles
#0 C:\xampp\htdocs\SysHotel\app\Controllers\Usuario.php(18): CodeIgniter\Debug\Exceptions->errorHandler(8, 'Undefined prope...', 'C:\\xampp\\htdocs...', 18, Array)
#1 C:\xampp\htdocs\SysHotel\system\CodeIgniter.php(832): App\Controllers\Usuario->index()
#2 C:\xampp\htdocs\SysHotel\system\CodeIgniter.php(419): CodeIgniter\CodeIgniter->runController(Object(App\Controllers\Usuario))
#3 C:\xampp\htdocs\SysHotel\system\CodeIgniter.php(326): CodeIgniter\CodeIgniter->handleRequest(NULL, Object(Config\Cache), false)
#4 C:\xampp\htdocs\SysHotel\index.php(37): CodeIgniter\CodeIgniter->run()
#5 {main}
CRITICAL - 2022-05-07 22:44:21 --> Invalid file: modules/perfil.php
#0 C:\xampp\htdocs\SysHotel\system\View\View.php(198): CodeIgniter\Exceptions\FrameworkException::forInvalidFile('modules/perfil....')
#1 C:\xampp\htdocs\SysHotel\system\Common.php(1089): CodeIgniter\View\View->render('modules/perfil', Array, true)
#2 C:\xampp\htdocs\SysHotel\system\Controller.php(166): view('modules/perfil', Array)
#3 C:\xampp\htdocs\SysHotel\app\Controllers\Perfil.php(18): CodeIgniter\Controller->ViewData('modules/perfil', Array)
#4 C:\xampp\htdocs\SysHotel\system\CodeIgniter.php(832): App\Controllers\Perfil->index()
#5 C:\xampp\htdocs\SysHotel\system\CodeIgniter.php(419): CodeIgniter\CodeIgniter->runController(Object(App\Controllers\Perfil))
#6 C:\xampp\htdocs\SysHotel\system\CodeIgniter.php(326): CodeIgniter\CodeIgniter->handleRequest(NULL, Object(Config\Cache), false)
#7 C:\xampp\htdocs\SysHotel\index.php(37): CodeIgniter\CodeIgniter->run()
#8 {main}
CRITICAL - 2022-05-07 22:44:33 --> Undefined variable: ListModulo
#0 C:\xampp\htdocs\SysHotel\app\Views\modules\perfiles.php(125): CodeIgniter\Debug\Exceptions->errorHandler(8, 'Undefined varia...', 'C:\\xampp\\htdocs...', 125, Array)
#1 C:\xampp\htdocs\SysHotel\system\View\View.php(210): include('C:\\xampp\\htdocs...')
#2 C:\xampp\htdocs\SysHotel\system\View\View.php(213): CodeIgniter\View\View->CodeIgniter\View\{closure}()
#3 C:\xampp\htdocs\SysHotel\system\Common.php(1089): CodeIgniter\View\View->render('modules/perfile...', Array, true)
#4 C:\xampp\htdocs\SysHotel\system\Controller.php(166): view('modules/perfile...', Array)
#5 C:\xampp\htdocs\SysHotel\app\Controllers\Perfil.php(18): CodeIgniter\Controller->ViewData('modules/perfile...', Array)
#6 C:\xampp\htdocs\SysHotel\system\CodeIgniter.php(832): App\Controllers\Perfil->index()
#7 C:\xampp\htdocs\SysHotel\system\CodeIgniter.php(419): CodeIgniter\CodeIgniter->runController(Object(App\Controllers\Perfil))
#8 C:\xampp\htdocs\SysHotel\system\CodeIgniter.php(326): CodeIgniter\CodeIgniter->handleRequest(NULL, Object(Config\Cache), false)
#9 C:\xampp\htdocs\SysHotel\index.php(37): CodeIgniter\CodeIgniter->run()
#10 {main}
