CRITICAL - 2022-07-17 03:28:30 --> The framework needs the following extension(s) installed and loaded: intl.
#0 C:\xampp\htdocs\SysHotel\system\CodeIgniter.php(219): CodeIgniter\Exceptions\FrameworkException::forMissingExtension('intl')
#1 C:\xampp\htdocs\SysHotel\system\CodeIgniter.php(177): CodeIgniter\CodeIgniter->resolvePlatformExtensions()
#2 C:\xampp\htdocs\SysHotel\system\bootstrap.php(146): CodeIgniter\CodeIgniter->initialize()
#3 C:\xampp\htdocs\SysHotel\index.php(28): require('C:\\xampp\\htdocs...')
#4 {main}
CRITICAL - 2022-07-17 03:34:08 --> The framework needs the following extension(s) installed and loaded: intl.
#0 C:\xampp\htdocs\SysHotel\system\CodeIgniter.php(219): CodeIgniter\Exceptions\FrameworkException::forMissingExtension('intl')
#1 C:\xampp\htdocs\SysHotel\system\CodeIgniter.php(177): CodeIgniter\CodeIgniter->resolvePlatformExtensions()
#2 C:\xampp\htdocs\SysHotel\system\bootstrap.php(146): CodeIgniter\CodeIgniter->initialize()
#3 C:\xampp\htdocs\SysHotel\index.php(28): require('C:\\xampp\\htdocs...')
#4 {main}
CRITICAL - 2022-07-17 03:34:09 --> The framework needs the following extension(s) installed and loaded: intl.
#0 C:\xampp\htdocs\SysHotel\system\CodeIgniter.php(219): CodeIgniter\Exceptions\FrameworkException::forMissingExtension('intl')
#1 C:\xampp\htdocs\SysHotel\system\CodeIgniter.php(177): CodeIgniter\CodeIgniter->resolvePlatformExtensions()
#2 C:\xampp\htdocs\SysHotel\system\bootstrap.php(146): CodeIgniter\CodeIgniter->initialize()
#3 C:\xampp\htdocs\SysHotel\index.php(28): require('C:\\xampp\\htdocs...')
#4 {main}
CRITICAL - 2022-07-17 03:34:09 --> The framework needs the following extension(s) installed and loaded: intl.
#0 C:\xampp\htdocs\SysHotel\system\CodeIgniter.php(219): CodeIgniter\Exceptions\FrameworkException::forMissingExtension('intl')
#1 C:\xampp\htdocs\SysHotel\system\CodeIgniter.php(177): CodeIgniter\CodeIgniter->resolvePlatformExtensions()
#2 C:\xampp\htdocs\SysHotel\system\bootstrap.php(146): CodeIgniter\CodeIgniter->initialize()
#3 C:\xampp\htdocs\SysHotel\index.php(28): require('C:\\xampp\\htdocs...')
#4 {main}
CRITICAL - 2022-07-17 03:34:09 --> The framework needs the following extension(s) installed and loaded: intl.
#0 C:\xampp\htdocs\SysHotel\system\CodeIgniter.php(219): CodeIgniter\Exceptions\FrameworkException::forMissingExtension('intl')
#1 C:\xampp\htdocs\SysHotel\system\CodeIgniter.php(177): CodeIgniter\CodeIgniter->resolvePlatformExtensions()
#2 C:\xampp\htdocs\SysHotel\system\bootstrap.php(146): CodeIgniter\CodeIgniter->initialize()
#3 C:\xampp\htdocs\SysHotel\index.php(28): require('C:\\xampp\\htdocs...')
#4 {main}
CRITICAL - 2022-07-17 03:34:09 --> The framework needs the following extension(s) installed and loaded: intl.
#0 C:\xampp\htdocs\SysHotel\system\CodeIgniter.php(219): CodeIgniter\Exceptions\FrameworkException::forMissingExtension('intl')
#1 C:\xampp\htdocs\SysHotel\system\CodeIgniter.php(177): CodeIgniter\CodeIgniter->resolvePlatformExtensions()
#2 C:\xampp\htdocs\SysHotel\system\bootstrap.php(146): CodeIgniter\CodeIgniter->initialize()
#3 C:\xampp\htdocs\SysHotel\index.php(28): require('C:\\xampp\\htdocs...')
#4 {main}
CRITICAL - 2022-07-17 03:34:10 --> The framework needs the following extension(s) installed and loaded: intl.
#0 C:\xampp\htdocs\SysHotel\system\CodeIgniter.php(219): CodeIgniter\Exceptions\FrameworkException::forMissingExtension('intl')
#1 C:\xampp\htdocs\SysHotel\system\CodeIgniter.php(177): CodeIgniter\CodeIgniter->resolvePlatformExtensions()
#2 C:\xampp\htdocs\SysHotel\system\bootstrap.php(146): CodeIgniter\CodeIgniter->initialize()
#3 C:\xampp\htdocs\SysHotel\index.php(28): require('C:\\xampp\\htdocs...')
#4 {main}
CRITICAL - 2022-07-17 03:34:53 --> The framework needs the following extension(s) installed and loaded: intl.
#0 C:\xampp\htdocs\SysHotel\system\CodeIgniter.php(219): CodeIgniter\Exceptions\FrameworkException::forMissingExtension('intl')
#1 C:\xampp\htdocs\SysHotel\system\CodeIgniter.php(177): CodeIgniter\CodeIgniter->resolvePlatformExtensions()
#2 C:\xampp\htdocs\SysHotel\system\bootstrap.php(146): CodeIgniter\CodeIgniter->initialize()
#3 C:\xampp\htdocs\SysHotel\index.php(28): require('C:\\xampp\\htdocs...')
#4 {main}
CRITICAL - 2022-07-17 03:36:17 --> The framework needs the following extension(s) installed and loaded: intl.
#0 C:\xampp\htdocs\SysHotel\system\CodeIgniter.php(219): CodeIgniter\Exceptions\FrameworkException::forMissingExtension('intl')
#1 C:\xampp\htdocs\SysHotel\system\CodeIgniter.php(177): CodeIgniter\CodeIgniter->resolvePlatformExtensions()
#2 C:\xampp\htdocs\SysHotel\system\bootstrap.php(146): CodeIgniter\CodeIgniter->initialize()
#3 C:\xampp\htdocs\SysHotel\index.php(28): require('C:\\xampp\\htdocs...')
#4 {main}
CRITICAL - 2022-07-17 03:36:19 --> The framework needs the following extension(s) installed and loaded: intl.
#0 C:\xampp\htdocs\SysHotel\system\CodeIgniter.php(219): CodeIgniter\Exceptions\FrameworkException::forMissingExtension('intl')
#1 C:\xampp\htdocs\SysHotel\system\CodeIgniter.php(177): CodeIgniter\CodeIgniter->resolvePlatformExtensions()
#2 C:\xampp\htdocs\SysHotel\system\bootstrap.php(146): CodeIgniter\CodeIgniter->initialize()
#3 C:\xampp\htdocs\SysHotel\index.php(28): require('C:\\xampp\\htdocs...')
#4 {main}
CRITICAL - 2022-07-17 03:37:23 --> The framework needs the following extension(s) installed and loaded: intl.
#0 C:\xampp\htdocs\SysHotel\system\CodeIgniter.php(219): CodeIgniter\Exceptions\FrameworkException::forMissingExtension('intl')
#1 C:\xampp\htdocs\SysHotel\system\CodeIgniter.php(177): CodeIgniter\CodeIgniter->resolvePlatformExtensions()
#2 C:\xampp\htdocs\SysHotel\system\bootstrap.php(146): CodeIgniter\CodeIgniter->initialize()
#3 C:\xampp\htdocs\SysHotel\index.php(28): require('C:\\xampp\\htdocs...')
#4 {main}
CRITICAL - 2022-07-17 03:37:24 --> The framework needs the following extension(s) installed and loaded: intl.
#0 C:\xampp\htdocs\SysHotel\system\CodeIgniter.php(219): CodeIgniter\Exceptions\FrameworkException::forMissingExtension('intl')
#1 C:\xampp\htdocs\SysHotel\system\CodeIgniter.php(177): CodeIgniter\CodeIgniter->resolvePlatformExtensions()
#2 C:\xampp\htdocs\SysHotel\system\bootstrap.php(146): CodeIgniter\CodeIgniter->initialize()
#3 C:\xampp\htdocs\SysHotel\index.php(28): require('C:\\xampp\\htdocs...')
#4 {main}
CRITICAL - 2022-07-17 03:37:24 --> The framework needs the following extension(s) installed and loaded: intl.
#0 C:\xampp\htdocs\SysHotel\system\CodeIgniter.php(219): CodeIgniter\Exceptions\FrameworkException::forMissingExtension('intl')
#1 C:\xampp\htdocs\SysHotel\system\CodeIgniter.php(177): CodeIgniter\CodeIgniter->resolvePlatformExtensions()
#2 C:\xampp\htdocs\SysHotel\system\bootstrap.php(146): CodeIgniter\CodeIgniter->initialize()
#3 C:\xampp\htdocs\SysHotel\index.php(28): require('C:\\xampp\\htdocs...')
#4 {main}
CRITICAL - 2022-07-17 03:37:24 --> The framework needs the following extension(s) installed and loaded: intl.
#0 C:\xampp\htdocs\SysHotel\system\CodeIgniter.php(219): CodeIgniter\Exceptions\FrameworkException::forMissingExtension('intl')
#1 C:\xampp\htdocs\SysHotel\system\CodeIgniter.php(177): CodeIgniter\CodeIgniter->resolvePlatformExtensions()
#2 C:\xampp\htdocs\SysHotel\system\bootstrap.php(146): CodeIgniter\CodeIgniter->initialize()
#3 C:\xampp\htdocs\SysHotel\index.php(28): require('C:\\xampp\\htdocs...')
#4 {main}
CRITICAL - 2022-07-17 03:37:24 --> The framework needs the following extension(s) installed and loaded: intl.
#0 C:\xampp\htdocs\SysHotel\system\CodeIgniter.php(219): CodeIgniter\Exceptions\FrameworkException::forMissingExtension('intl')
#1 C:\xampp\htdocs\SysHotel\system\CodeIgniter.php(177): CodeIgniter\CodeIgniter->resolvePlatformExtensions()
#2 C:\xampp\htdocs\SysHotel\system\bootstrap.php(146): CodeIgniter\CodeIgniter->initialize()
#3 C:\xampp\htdocs\SysHotel\index.php(28): require('C:\\xampp\\htdocs...')
#4 {main}
